2019/06/20 16:02:38 Starting cygwin install, version 2.897
2019/06/20 16:02:38 User has backup/restore rights
2019/06/20 16:02:38 io_stream_cygfile: fopen(/etc/setup/setup.rc) failed 2 No such file or directory
2019/06/20 16:02:38 Current Directory: C:\Users\Ross\Desktop\User Setup Folder
2019/06/20 16:02:38 Could not open service McShield for query, start and stop. McAfee may not be installed, or we don't have access.
2019/06/20 16:02:42 source: network install
2019/06/20 16:02:45 root: C:\cygwin64 system
2019/06/20 16:02:45 Selected local directory: C:\Users\Ross\Desktop\User Setup Folder
2019/06/20 16:02:46 net: Preconfig
2019/06/20 16:03:01 site: http://cygwin.mirrors.hoobly.com/
2019/06/20 16:03:01 HTTP status 404 fetching http://cygwin.mirrors.hoobly.com/x86_64/setup.zst.sig
2019/06/20 16:03:02 HTTP status 404 fetching http://cygwin.mirrors.hoobly.com/x86_64/setup.zst
2019/06/20 16:03:05 io_stream_cygfile: fopen(/etc/setup/timestamp) failed 2 No such file or directory
2019/06/20 16:03:05 io_stream_cygfile: fopen(/etc/setup/installed.db) failed 2 No such file or directory
2019/06/20 16:03:05 solving: 37 tasks, update: yes, use test packages: no
2019/06/20 16:03:45 solving: 73 tasks, update: no, use test packages: no
2019/06/20 16:03:45 Augmented Transaction List:
2019/06/20 16:03:45    0 install                                     base-cygwin               3.8-1
2019/06/20 16:03:45    1 install                                          cygwin             3.0.7-1
2019/06/20 16:03:45    2 install                                  libpopt-common              1.16-2
2019/06/20 16:03:45    3 install                                        terminfo     6.0-12.20171125
2019/06/20 16:03:45    4 install                                          tzdata             2018i-1
2019/06/20 16:03:45    5 install                                           zlib0            1.2.11-1
2019/06/20 16:03:45    6 install                                           which              2.20-2
2019/06/20 16:03:45    7 install                                             run             1.3.4-2
2019/06/20 16:03:45    8 install                                          mintty             3.0.1-1
2019/06/20 16:03:45    9 install                                           login              1.13-1
2019/06/20 16:03:45   10 install                                      libtasn1_6              4.13-1
2019/06/20 16:03:45   11 install                                     libsigsegv2              2.10-2
2019/06/20 16:03:45   12 install                                    libpipeline1             1.4.0-1
2019/06/20 16:03:45   13 install                                        libpcre1              8.43-1
2019/06/20 16:03:45   14 install                                        liblzma5             5.2.3-1
2019/06/20 16:03:45   15 install                                       libiconv2              1.14-3
2019/06/20 16:03:45   16 install                                        libgmp10             6.1.2-1
2019/06/20 16:03:45   17 install                                         libgcc1             7.4.0-1
2019/06/20 16:03:45   18 install                                         libffi6             3.2.1-2
2019/06/20 16:03:45   19 install                                        libbz2_1             1.0.6-3
2019/06/20 16:03:45   20 install                                         libargp          20110921-3
2019/06/20 16:03:45   21 install                                       ipc-utils               1.0-2
2019/06/20 16:03:45   22 install                                        hostname              3.13-1
2019/06/20 16:03:45   23 install                                      editrights              1.03-1
2019/06/20 16:03:45   24 install                                            dash           0.5.9.1-1
2019/06/20 16:03:45   25 install                                         autossh              1.4g-1
2019/06/20 16:03:45   26 install                                   libncursesw10     6.0-12.20171125
2019/06/20 16:03:45   27 install                                            file              5.32-1
2019/06/20 16:03:45   28 install                                           rsync             3.1.2-1
2019/06/20 16:03:45   29 install                                        libintl8          0.19.8.1-2
2019/06/20 16:03:45   30 install                                      libstdc++6             7.4.0-1
2019/06/20 16:03:45   31 install                                        libmpfr6             4.0.2-1
2019/06/20 16:03:45   32 install                                          getent           2.18.90-4
2019/06/20 16:03:45   33 install                                     _autorebase            001007-1
2019/06/20 16:03:45   34 install                                     vim-minimal          8.1.1240-1
2019/06/20 16:03:45   35 install                                         ncurses     6.0-12.20171125
2019/06/20 16:03:45   36 install                                    libreadline7             7.0.3-3
2019/06/20 16:03:45   37 install                                            less               530-1
2019/06/20 16:03:45   38 install                                             sed               4.4-1
2019/06/20 16:03:45   39 install                                        libuuid1            2.33.1-1
2019/06/20 16:03:45   40 install                                   libsmartcols1            2.33.1-1
2019/06/20 16:03:45   41 install                                        libpopt0              1.16-2
2019/06/20 16:03:45   42 install                                     libp11-kit0           0.23.15-1
2019/06/20 16:03:45   43 install                                        libiconv              1.14-3
2019/06/20 16:03:45   44 install                                        libgdbm4              1.12-1
2019/06/20 16:03:45   45 install                                        libattr1            2.4.48-2
2019/06/20 16:03:45   46 install                                            info               6.6-1
2019/06/20 16:03:45   47 install                                       diffutils               3.5-2
2019/06/20 16:03:45   48 install                                    alternatives          1.3.30c-10
2019/06/20 16:03:45   49 install                                            gawk             5.0.1-1
2019/06/20 16:03:45   50 install                                       libblkid1            2.33.1-1
2019/06/20 16:03:45   51 install                                        cygutils            1.4.16-2
2019/06/20 16:03:45   52 install                                   p11-kit-trust           0.23.15-1
2019/06/20 16:03:45   53 install                                         p11-kit           0.23.15-1
2019/06/20 16:03:45   54 install                                       coreutils              8.26-2
2019/06/20 16:03:45   55 install                                       libfdisk1            2.33.1-1
2019/06/20 16:03:45   56 install                                            bash            4.4.12-3
2019/06/20 16:03:45   57 install                                      util-linux            2.33.1-1
2019/06/20 16:03:45   58 install                                          tzcode             2018i-1
2019/06/20 16:03:45   59 install                                              xz             5.2.3-1
2019/06/20 16:03:45   60 install                                            gzip               1.8-1
2019/06/20 16:03:45   61 install                                           groff            1.22.4-1
2019/06/20 16:03:45   62 install                                            grep               3.0-2
2019/06/20 16:03:45   63 install                                       findutils             4.6.0-1
2019/06/20 16:03:45   64 install                                 crypto-policies          20190218-1
2019/06/20 16:03:45   65 install                                 ca-certificates              2.30-1
2019/06/20 16:03:45   66 install                                           bzip2             1.0.6-3
2019/06/20 16:03:45   67 install                                          man-db           2.7.6.1-1
2019/06/20 16:03:45   68 install                                          rebase             4.4.4-1
2019/06/20 16:03:45   69 install                                      base-files               4.3-2
2019/06/20 16:03:45   70 install                                       libssl1.1            1.1.1b-1
2019/06/20 16:03:45   71 install                                             tar              1.29-1
2019/06/20 16:03:45   72 install                                         openssl            1.1.1b-1
2019/06/20 16:03:48 Downloaded C:\Users\Ross\Desktop\User Setup Folder/http%3a%2f%2fcygwin.mirrors.hoobly.com%2f/noarch/release/base-cygwin/base-cygwin-3.8-1.tar.xz
2019/06/20 16:03:49 Downloaded C:\Users\Ross\Desktop\User Setup Folder/http%3a%2f%2fcygwin.mirrors.hoobly.com%2f/x86_64/release/cygwin/cygwin-3.0.7-1.tar.xz
2019/06/20 16:03:50 Downloaded C:\Users\Ross\Desktop\User Setup Folder/http%3a%2f%2fcygwin.mirrors.hoobly.com%2f/x86_64/release/popt/libpopt-common/libpopt-common-1.16-2.tar.xz
2019/06/20 16:03:50 Downloaded C:\Users\Ross\Desktop\User Setup Folder/http%3a%2f%2fcygwin.mirrors.hoobly.com%2f/x86_64/release/ncurses/terminfo/terminfo-6.0-12.20171125.tar.xz
2019/06/20 16:03:50 Downloaded C:\Users\Ross\Desktop\User Setup Folder/http%3a%2f%2fcygwin.mirrors.hoobly.com%2f/noarch/release/tzdata/tzdata-2018i-1.tar.xz
2019/06/20 16:03:50 Downloaded C:\Users\Ross\Desktop\User Setup Folder/http%3a%2f%2fcygwin.mirrors.hoobly.com%2f/x86_64/release/zlib/zlib0/zlib0-1.2.11-1.tar.xz
2019/06/20 16:03:50 Downloaded C:\Users\Ross\Desktop\User Setup Folder/http%3a%2f%2fcygwin.mirrors.hoobly.com%2f/x86_64/release/which/which-2.20-2.tar.bz2
2019/06/20 16:03:50 Downloaded C:\Users\Ross\Desktop\User Setup Folder/http%3a%2f%2fcygwin.mirrors.hoobly.com%2f/x86_64/release/run/run-1.3.4-2.tar.xz
2019/06/20 16:03:51 Downloaded C:\Users\Ross\Desktop\User Setup Folder/http%3a%2f%2fcygwin.mirrors.hoobly.com%2f/x86_64/release/mintty/mintty-3.0.1-1.tar.xz
2019/06/20 16:03:51 Downloaded C:\Users\Ross\Desktop\User Setup Folder/http%3a%2f%2fcygwin.mirrors.hoobly.com%2f/x86_64/release/login/login-1.13-1.tar.xz
2019/06/20 16:03:51 Downloaded C:\Users\Ross\Desktop\User Setup Folder/http%3a%2f%2fcygwin.mirrors.hoobly.com%2f/x86_64/release/libtasn1/libtasn1_6/libtasn1_6-4.13-1.tar.xz
2019/06/20 16:03:51 Downloaded C:\Users\Ross\Desktop\User Setup Folder/http%3a%2f%2fcygwin.mirrors.hoobly.com%2f/x86_64/release/libsigsegv/libsigsegv2/libsigsegv2-2.10-2.tar.xz
2019/06/20 16:03:51 Downloaded C:\Users\Ross\Desktop\User Setup Folder/http%3a%2f%2fcygwin.mirrors.hoobly.com%2f/x86_64/release/libpipeline/libpipeline1/libpipeline1-1.4.0-1.tar.xz
2019/06/20 16:03:51 Downloaded C:\Users\Ross\Desktop\User Setup Folder/http%3a%2f%2fcygwin.mirrors.hoobly.com%2f/x86_64/release/pcre/libpcre1/libpcre1-8.43-1.tar.xz
2019/06/20 16:03:51 Downloaded C:\Users\Ross\Desktop\User Setup Folder/http%3a%2f%2fcygwin.mirrors.hoobly.com%2f/x86_64/release/xz/liblzma5/liblzma5-5.2.3-1.tar.xz
2019/06/20 16:03:52 Downloaded C:\Users\Ross\Desktop\User Setup Folder/http%3a%2f%2fcygwin.mirrors.hoobly.com%2f/x86_64/release/libiconv/libiconv2/libiconv2-1.14-3.tar.xz
2019/06/20 16:03:52 Downloaded C:\Users\Ross\Desktop\User Setup Folder/http%3a%2f%2fcygwin.mirrors.hoobly.com%2f/x86_64/release/gmp/libgmp10/libgmp10-6.1.2-1.tar.xz
2019/06/20 16:03:52 Downloaded C:\Users\Ross\Desktop\User Setup Folder/http%3a%2f%2fcygwin.mirrors.hoobly.com%2f/x86_64/release/gcc/libgcc1/libgcc1-7.4.0-1.tar.xz
2019/06/20 16:03:52 Downloaded C:\Users\Ross\Desktop\User Setup Folder/http%3a%2f%2fcygwin.mirrors.hoobly.com%2f/x86_64/release/libffi/libffi6/libffi6-3.2.1-2.tar.xz
2019/06/20 16:03:52 Downloaded C:\Users\Ross\Desktop\User Setup Folder/http%3a%2f%2fcygwin.mirrors.hoobly.com%2f/x86_64/release/bzip2/libbz2_1/libbz2_1-1.0.6-3.tar.xz
2019/06/20 16:03:52 Downloaded C:\Users\Ross\Desktop\User Setup Folder/http%3a%2f%2fcygwin.mirrors.hoobly.com%2f/x86_64/release/libargp/libargp-20110921-3.tar.xz
2019/06/20 16:03:52 Downloaded C:\Users\Ross\Desktop\User Setup Folder/http%3a%2f%2fcygwin.mirrors.hoobly.com%2f/x86_64/release/ipc-utils/ipc-utils-1.0-2.tar.bz2
2019/06/20 16:03:52 Downloaded C:\Users\Ross\Desktop\User Setup Folder/http%3a%2f%2fcygwin.mirrors.hoobly.com%2f/x86_64/release/hostname/hostname-3.13-1.tar.bz2
2019/06/20 16:03:53 Downloaded C:\Users\Ross\Desktop\User Setup Folder/http%3a%2f%2fcygwin.mirrors.hoobly.com%2f/x86_64/release/editrights/editrights-1.03-1.tar.xz
2019/06/20 16:03:53 Downloaded C:\Users\Ross\Desktop\User Setup Folder/http%3a%2f%2fcygwin.mirrors.hoobly.com%2f/x86_64/release/dash/dash-0.5.9.1-1.tar.xz
2019/06/20 16:03:53 Downloaded C:\Users\Ross\Desktop\User Setup Folder/http%3a%2f%2fcygwin.mirrors.hoobly.com%2f/x86_64/release/autossh/autossh-1.4g-1.tar.xz
2019/06/20 16:03:53 Downloaded C:\Users\Ross\Desktop\User Setup Folder/http%3a%2f%2fcygwin.mirrors.hoobly.com%2f/x86_64/release/ncurses/libncursesw10/libncursesw10-6.0-12.20171125.tar.xz
2019/06/20 16:03:53 Downloaded C:\Users\Ross\Desktop\User Setup Folder/http%3a%2f%2fcygwin.mirrors.hoobly.com%2f/x86_64/release/file/file-5.32-1.tar.xz
2019/06/20 16:03:53 Downloaded C:\Users\Ross\Desktop\User Setup Folder/http%3a%2f%2fcygwin.mirrors.hoobly.com%2f/x86_64/release/rsync/rsync-3.1.2-1.tar.xz
2019/06/20 16:03:54 Downloaded C:\Users\Ross\Desktop\User Setup Folder/http%3a%2f%2fcygwin.mirrors.hoobly.com%2f/x86_64/release/gettext/libintl8/libintl8-0.19.8.1-2.tar.xz
2019/06/20 16:03:54 Downloaded C:\Users\Ross\Desktop\User Setup Folder/http%3a%2f%2fcygwin.mirrors.hoobly.com%2f/x86_64/release/gcc/libstdc++6/libstdc++6-7.4.0-1.tar.xz
2019/06/20 16:03:54 Downloaded C:\Users\Ross\Desktop\User Setup Folder/http%3a%2f%2fcygwin.mirrors.hoobly.com%2f/x86_64/release/mpfr/libmpfr6/libmpfr6-4.0.2-1.tar.xz
2019/06/20 16:03:54 Downloaded C:\Users\Ross\Desktop\User Setup Folder/http%3a%2f%2fcygwin.mirrors.hoobly.com%2f/x86_64/release/getent/getent-2.18.90-4.tar.xz
2019/06/20 16:03:54 Downloaded C:\Users\Ross\Desktop\User Setup Folder/http%3a%2f%2fcygwin.mirrors.hoobly.com%2f/noarch/release/_autorebase/_autorebase-001007-1.tar.xz
2019/06/20 16:03:55 Downloaded C:\Users\Ross\Desktop\User Setup Folder/http%3a%2f%2fcygwin.mirrors.hoobly.com%2f/x86_64/release/vim/vim-minimal/vim-minimal-8.1.1240-1.tar.xz
2019/06/20 16:03:55 Downloaded C:\Users\Ross\Desktop\User Setup Folder/http%3a%2f%2fcygwin.mirrors.hoobly.com%2f/x86_64/release/ncurses/ncurses-6.0-12.20171125.tar.xz
2019/06/20 16:03:55 Downloaded C:\Users\Ross\Desktop\User Setup Folder/http%3a%2f%2fcygwin.mirrors.hoobly.com%2f/x86_64/release/readline/libreadline7/libreadline7-7.0.3-3.tar.xz
2019/06/20 16:03:55 Downloaded C:\Users\Ross\Desktop\User Setup Folder/http%3a%2f%2fcygwin.mirrors.hoobly.com%2f/x86_64/release/less/less-530-1.tar.xz
2019/06/20 16:03:55 Downloaded C:\Users\Ross\Desktop\User Setup Folder/http%3a%2f%2fcygwin.mirrors.hoobly.com%2f/x86_64/release/sed/sed-4.4-1.tar.xz
2019/06/20 16:03:55 Downloaded C:\Users\Ross\Desktop\User Setup Folder/http%3a%2f%2fcygwin.mirrors.hoobly.com%2f/x86_64/release/util-linux/libuuid1/libuuid1-2.33.1-1.tar.xz
2019/06/20 16:03:56 Downloaded C:\Users\Ross\Desktop\User Setup Folder/http%3a%2f%2fcygwin.mirrors.hoobly.com%2f/x86_64/release/util-linux/libsmartcols1/libsmartcols1-2.33.1-1.tar.xz
2019/06/20 16:03:56 Downloaded C:\Users\Ross\Desktop\User Setup Folder/http%3a%2f%2fcygwin.mirrors.hoobly.com%2f/x86_64/release/popt/libpopt0/libpopt0-1.16-2.tar.xz
2019/06/20 16:03:56 Downloaded C:\Users\Ross\Desktop\User Setup Folder/http%3a%2f%2fcygwin.mirrors.hoobly.com%2f/x86_64/release/p11-kit/libp11-kit0/libp11-kit0-0.23.15-1.tar.xz
2019/06/20 16:03:56 Downloaded C:\Users\Ross\Desktop\User Setup Folder/http%3a%2f%2fcygwin.mirrors.hoobly.com%2f/x86_64/release/libiconv/libiconv-1.14-3.tar.xz
2019/06/20 16:03:56 Downloaded C:\Users\Ross\Desktop\User Setup Folder/http%3a%2f%2fcygwin.mirrors.hoobly.com%2f/x86_64/release/gdbm/libgdbm4/libgdbm4-1.12-1.tar.xz
2019/06/20 16:03:56 Downloaded C:\Users\Ross\Desktop\User Setup Folder/http%3a%2f%2fcygwin.mirrors.hoobly.com%2f/x86_64/release/attr/libattr1/libattr1-2.4.48-2.tar.xz
2019/06/20 16:03:57 Downloaded C:\Users\Ross\Desktop\User Setup Folder/http%3a%2f%2fcygwin.mirrors.hoobly.com%2f/x86_64/release/texinfo/info/info-6.6-1.tar.xz
2019/06/20 16:03:57 Downloaded C:\Users\Ross\Desktop\User Setup Folder/http%3a%2f%2fcygwin.mirrors.hoobly.com%2f/x86_64/release/diffutils/diffutils-3.5-2.tar.xz
2019/06/20 16:03:57 Downloaded C:\Users\Ross\Desktop\User Setup Folder/http%3a%2f%2fcygwin.mirrors.hoobly.com%2f/x86_64/release/alternatives/alternatives-1.3.30c-10.tar.bz2
2019/06/20 16:03:58 Downloaded C:\Users\Ross\Desktop\User Setup Folder/http%3a%2f%2fcygwin.mirrors.hoobly.com%2f/x86_64/release/gawk/gawk-5.0.1-1.tar.xz
2019/06/20 16:03:58 Downloaded C:\Users\Ross\Desktop\User Setup Folder/http%3a%2f%2fcygwin.mirrors.hoobly.com%2f/x86_64/release/util-linux/libblkid1/libblkid1-2.33.1-1.tar.xz
2019/06/20 16:03:59 Downloaded C:\Users\Ross\Desktop\User Setup Folder/http%3a%2f%2fcygwin.mirrors.hoobly.com%2f/x86_64/release/cygutils/cygutils-1.4.16-2.tar.xz
2019/06/20 16:03:59 Downloaded C:\Users\Ross\Desktop\User Setup Folder/http%3a%2f%2fcygwin.mirrors.hoobly.com%2f/x86_64/release/p11-kit/p11-kit-trust/p11-kit-trust-0.23.15-1.tar.xz
2019/06/20 16:03:59 Downloaded C:\Users\Ross\Desktop\User Setup Folder/http%3a%2f%2fcygwin.mirrors.hoobly.com%2f/x86_64/release/p11-kit/p11-kit-0.23.15-1.tar.xz
2019/06/20 16:04:01 Downloaded C:\Users\Ross\Desktop\User Setup Folder/http%3a%2f%2fcygwin.mirrors.hoobly.com%2f/x86_64/release/coreutils/coreutils-8.26-2.tar.xz
2019/06/20 16:04:02 Downloaded C:\Users\Ross\Desktop\User Setup Folder/http%3a%2f%2fcygwin.mirrors.hoobly.com%2f/x86_64/release/util-linux/libfdisk1/libfdisk1-2.33.1-1.tar.xz
2019/06/20 16:04:03 Downloaded C:\Users\Ross\Desktop\User Setup Folder/http%3a%2f%2fcygwin.mirrors.hoobly.com%2f/x86_64/release/bash/bash-4.4.12-3.tar.xz
2019/06/20 16:04:05 Downloaded C:\Users\Ross\Desktop\User Setup Folder/http%3a%2f%2fcygwin.mirrors.hoobly.com%2f/x86_64/release/util-linux/util-linux-2.33.1-1.tar.xz
2019/06/20 16:04:05 Downloaded C:\Users\Ross\Desktop\User Setup Folder/http%3a%2f%2fcygwin.mirrors.hoobly.com%2f/x86_64/release/tzcode/tzcode-2018i-1.tar.xz
2019/06/20 16:04:06 Downloaded C:\Users\Ross\Desktop\User Setup Folder/http%3a%2f%2fcygwin.mirrors.hoobly.com%2f/x86_64/release/xz/xz-5.2.3-1.tar.xz
2019/06/20 16:04:06 Downloaded C:\Users\Ross\Desktop\User Setup Folder/http%3a%2f%2fcygwin.mirrors.hoobly.com%2f/x86_64/release/gzip/gzip-1.8-1.tar.xz
2019/06/20 16:04:09 Downloaded C:\Users\Ross\Desktop\User Setup Folder/http%3a%2f%2fcygwin.mirrors.hoobly.com%2f/x86_64/release/groff/groff-1.22.4-1.tar.xz
2019/06/20 16:04:10 Downloaded C:\Users\Ross\Desktop\User Setup Folder/http%3a%2f%2fcygwin.mirrors.hoobly.com%2f/x86_64/release/grep/grep-3.0-2.tar.xz
2019/06/20 16:04:11 Downloaded C:\Users\Ross\Desktop\User Setup Folder/http%3a%2f%2fcygwin.mirrors.hoobly.com%2f/x86_64/release/findutils/findutils-4.6.0-1.tar.xz
2019/06/20 16:04:11 Downloaded C:\Users\Ross\Desktop\User Setup Folder/http%3a%2f%2fcygwin.mirrors.hoobly.com%2f/noarch/release/crypto-policies/crypto-policies-20190218-1.tar.xz
2019/06/20 16:04:11 Downloaded C:\Users\Ross\Desktop\User Setup Folder/http%3a%2f%2fcygwin.mirrors.hoobly.com%2f/noarch/release/ca-certificates/ca-certificates-2.30-1.tar.xz
2019/06/20 16:04:11 Downloaded C:\Users\Ross\Desktop\User Setup Folder/http%3a%2f%2fcygwin.mirrors.hoobly.com%2f/x86_64/release/bzip2/bzip2-1.0.6-3.tar.xz
2019/06/20 16:04:12 Downloaded C:\Users\Ross\Desktop\User Setup Folder/http%3a%2f%2fcygwin.mirrors.hoobly.com%2f/x86_64/release/man-db/man-db-2.7.6.1-1.tar.xz
2019/06/20 16:04:12 Downloaded C:\Users\Ross\Desktop\User Setup Folder/http%3a%2f%2fcygwin.mirrors.hoobly.com%2f/x86_64/release/rebase/rebase-4.4.4-1.tar.xz
2019/06/20 16:04:13 Downloaded C:\Users\Ross\Desktop\User Setup Folder/http%3a%2f%2fcygwin.mirrors.hoobly.com%2f/noarch/release/base-files/base-files-4.3-2.tar.xz
2019/06/20 16:04:14 Downloaded C:\Users\Ross\Desktop\User Setup Folder/http%3a%2f%2fcygwin.mirrors.hoobly.com%2f/x86_64/release/openssl/libssl1.1/libssl1.1-1.1.1b-1.tar.xz
2019/06/20 16:04:15 Downloaded C:\Users\Ross\Desktop\User Setup Folder/http%3a%2f%2fcygwin.mirrors.hoobly.com%2f/x86_64/release/tar/tar-1.29-1.tar.xz
2019/06/20 16:04:16 Downloaded C:\Users\Ross\Desktop\User Setup Folder/http%3a%2f%2fcygwin.mirrors.hoobly.com%2f/x86_64/release/openssl/openssl-1.1.1b-1.tar.xz
2019/06/20 16:04:16 Extracting from file://C:\Users\Ross\Desktop\User Setup Folder/http%3a%2f%2fcygwin.mirrors.hoobly.com%2f/noarch/release/base-cygwin/base-cygwin-3.8-1.tar.xz
2019/06/20 16:04:16 Extracting from file://C:\Users\Ross\Desktop\User Setup Folder/http%3a%2f%2fcygwin.mirrors.hoobly.com%2f/x86_64/release/cygwin/cygwin-3.0.7-1.tar.xz
2019/06/20 16:04:16 Extracting from file://C:\Users\Ross\Desktop\User Setup Folder/http%3a%2f%2fcygwin.mirrors.hoobly.com%2f/x86_64/release/popt/libpopt-common/libpopt-common-1.16-2.tar.xz
2019/06/20 16:04:17 Extracting from file://C:\Users\Ross\Desktop\User Setup Folder/http%3a%2f%2fcygwin.mirrors.hoobly.com%2f/x86_64/release/ncurses/terminfo/terminfo-6.0-12.20171125.tar.xz
2019/06/20 16:04:17 Extracting from file://C:\Users\Ross\Desktop\User Setup Folder/http%3a%2f%2fcygwin.mirrors.hoobly.com%2f/noarch/release/tzdata/tzdata-2018i-1.tar.xz
2019/06/20 16:04:24 Extracting from file://C:\Users\Ross\Desktop\User Setup Folder/http%3a%2f%2fcygwin.mirrors.hoobly.com%2f/x86_64/release/zlib/zlib0/zlib0-1.2.11-1.tar.xz
2019/06/20 16:04:24 Extracting from file://C:\Users\Ross\Desktop\User Setup Folder/http%3a%2f%2fcygwin.mirrors.hoobly.com%2f/x86_64/release/which/which-2.20-2.tar.bz2
2019/06/20 16:04:24 Extracting from file://C:\Users\Ross\Desktop\User Setup Folder/http%3a%2f%2fcygwin.mirrors.hoobly.com%2f/x86_64/release/run/run-1.3.4-2.tar.xz
2019/06/20 16:04:24 Extracting from file://C:\Users\Ross\Desktop\User Setup Folder/http%3a%2f%2fcygwin.mirrors.hoobly.com%2f/x86_64/release/mintty/mintty-3.0.1-1.tar.xz
2019/06/20 16:04:24 Extracting from file://C:\Users\Ross\Desktop\User Setup Folder/http%3a%2f%2fcygwin.mirrors.hoobly.com%2f/x86_64/release/login/login-1.13-1.tar.xz
2019/06/20 16:04:24 Extracting from file://C:\Users\Ross\Desktop\User Setup Folder/http%3a%2f%2fcygwin.mirrors.hoobly.com%2f/x86_64/release/libtasn1/libtasn1_6/libtasn1_6-4.13-1.tar.xz
2019/06/20 16:04:24 Extracting from file://C:\Users\Ross\Desktop\User Setup Folder/http%3a%2f%2fcygwin.mirrors.hoobly.com%2f/x86_64/release/libsigsegv/libsigsegv2/libsigsegv2-2.10-2.tar.xz
2019/06/20 16:04:24 Extracting from file://C:\Users\Ross\Desktop\User Setup Folder/http%3a%2f%2fcygwin.mirrors.hoobly.com%2f/x86_64/release/libpipeline/libpipeline1/libpipeline1-1.4.0-1.tar.xz
2019/06/20 16:04:24 Extracting from file://C:\Users\Ross\Desktop\User Setup Folder/http%3a%2f%2fcygwin.mirrors.hoobly.com%2f/x86_64/release/pcre/libpcre1/libpcre1-8.43-1.tar.xz
2019/06/20 16:04:24 Extracting from file://C:\Users\Ross\Desktop\User Setup Folder/http%3a%2f%2fcygwin.mirrors.hoobly.com%2f/x86_64/release/xz/liblzma5/liblzma5-5.2.3-1.tar.xz
2019/06/20 16:04:24 Extracting from file://C:\Users\Ross\Desktop\User Setup Folder/http%3a%2f%2fcygwin.mirrors.hoobly.com%2f/x86_64/release/libiconv/libiconv2/libiconv2-1.14-3.tar.xz
2019/06/20 16:04:25 Extracting from file://C:\Users\Ross\Desktop\User Setup Folder/http%3a%2f%2fcygwin.mirrors.hoobly.com%2f/x86_64/release/gmp/libgmp10/libgmp10-6.1.2-1.tar.xz
2019/06/20 16:04:25 Extracting from file://C:\Users\Ross\Desktop\User Setup Folder/http%3a%2f%2fcygwin.mirrors.hoobly.com%2f/x86_64/release/gcc/libgcc1/libgcc1-7.4.0-1.tar.xz
2019/06/20 16:04:25 Extracting from file://C:\Users\Ross\Desktop\User Setup Folder/http%3a%2f%2fcygwin.mirrors.hoobly.com%2f/x86_64/release/libffi/libffi6/libffi6-3.2.1-2.tar.xz
2019/06/20 16:04:25 Extracting from file://C:\Users\Ross\Desktop\User Setup Folder/http%3a%2f%2fcygwin.mirrors.hoobly.com%2f/x86_64/release/bzip2/libbz2_1/libbz2_1-1.0.6-3.tar.xz
2019/06/20 16:04:25 Extracting from file://C:\Users\Ross\Desktop\User Setup Folder/http%3a%2f%2fcygwin.mirrors.hoobly.com%2f/x86_64/release/libargp/libargp-20110921-3.tar.xz
2019/06/20 16:04:25 Extracting from file://C:\Users\Ross\Desktop\User Setup Folder/http%3a%2f%2fcygwin.mirrors.hoobly.com%2f/x86_64/release/ipc-utils/ipc-utils-1.0-2.tar.bz2
2019/06/20 16:04:25 Extracting from file://C:\Users\Ross\Desktop\User Setup Folder/http%3a%2f%2fcygwin.mirrors.hoobly.com%2f/x86_64/release/hostname/hostname-3.13-1.tar.bz2
2019/06/20 16:04:25 Extracting from file://C:\Users\Ross\Desktop\User Setup Folder/http%3a%2f%2fcygwin.mirrors.hoobly.com%2f/x86_64/release/editrights/editrights-1.03-1.tar.xz
2019/06/20 16:04:25 Extracting from file://C:\Users\Ross\Desktop\User Setup Folder/http%3a%2f%2fcygwin.mirrors.hoobly.com%2f/x86_64/release/dash/dash-0.5.9.1-1.tar.xz
2019/06/20 16:04:25 Extracting from file://C:\Users\Ross\Desktop\User Setup Folder/http%3a%2f%2fcygwin.mirrors.hoobly.com%2f/x86_64/release/autossh/autossh-1.4g-1.tar.xz
2019/06/20 16:04:25 Extracting from file://C:\Users\Ross\Desktop\User Setup Folder/http%3a%2f%2fcygwin.mirrors.hoobly.com%2f/x86_64/release/ncurses/libncursesw10/libncursesw10-6.0-12.20171125.tar.xz
2019/06/20 16:04:25 Extracting from file://C:\Users\Ross\Desktop\User Setup Folder/http%3a%2f%2fcygwin.mirrors.hoobly.com%2f/x86_64/release/file/file-5.32-1.tar.xz
2019/06/20 16:04:25 Extracting from file://C:\Users\Ross\Desktop\User Setup Folder/http%3a%2f%2fcygwin.mirrors.hoobly.com%2f/x86_64/release/rsync/rsync-3.1.2-1.tar.xz
2019/06/20 16:04:25 Extracting from file://C:\Users\Ross\Desktop\User Setup Folder/http%3a%2f%2fcygwin.mirrors.hoobly.com%2f/x86_64/release/gettext/libintl8/libintl8-0.19.8.1-2.tar.xz
2019/06/20 16:04:25 Extracting from file://C:\Users\Ross\Desktop\User Setup Folder/http%3a%2f%2fcygwin.mirrors.hoobly.com%2f/x86_64/release/gcc/libstdc++6/libstdc++6-7.4.0-1.tar.xz
2019/06/20 16:04:25 Extracting from file://C:\Users\Ross\Desktop\User Setup Folder/http%3a%2f%2fcygwin.mirrors.hoobly.com%2f/x86_64/release/mpfr/libmpfr6/libmpfr6-4.0.2-1.tar.xz
2019/06/20 16:04:25 Extracting from file://C:\Users\Ross\Desktop\User Setup Folder/http%3a%2f%2fcygwin.mirrors.hoobly.com%2f/x86_64/release/getent/getent-2.18.90-4.tar.xz
2019/06/20 16:04:25 Extracting from file://C:\Users\Ross\Desktop\User Setup Folder/http%3a%2f%2fcygwin.mirrors.hoobly.com%2f/noarch/release/_autorebase/_autorebase-001007-1.tar.xz
2019/06/20 16:04:25 Extracting from file://C:\Users\Ross\Desktop\User Setup Folder/http%3a%2f%2fcygwin.mirrors.hoobly.com%2f/x86_64/release/vim/vim-minimal/vim-minimal-8.1.1240-1.tar.xz
2019/06/20 16:04:26 Extracting from file://C:\Users\Ross\Desktop\User Setup Folder/http%3a%2f%2fcygwin.mirrors.hoobly.com%2f/x86_64/release/ncurses/ncurses-6.0-12.20171125.tar.xz
2019/06/20 16:04:26 Extracting from file://C:\Users\Ross\Desktop\User Setup Folder/http%3a%2f%2fcygwin.mirrors.hoobly.com%2f/x86_64/release/readline/libreadline7/libreadline7-7.0.3-3.tar.xz
2019/06/20 16:04:26 Extracting from file://C:\Users\Ross\Desktop\User Setup Folder/http%3a%2f%2fcygwin.mirrors.hoobly.com%2f/x86_64/release/less/less-530-1.tar.xz
2019/06/20 16:04:26 Extracting from file://C:\Users\Ross\Desktop\User Setup Folder/http%3a%2f%2fcygwin.mirrors.hoobly.com%2f/x86_64/release/sed/sed-4.4-1.tar.xz
2019/06/20 16:04:27 Extracting from file://C:\Users\Ross\Desktop\User Setup Folder/http%3a%2f%2fcygwin.mirrors.hoobly.com%2f/x86_64/release/util-linux/libuuid1/libuuid1-2.33.1-1.tar.xz
2019/06/20 16:04:27 Extracting from file://C:\Users\Ross\Desktop\User Setup Folder/http%3a%2f%2fcygwin.mirrors.hoobly.com%2f/x86_64/release/util-linux/libsmartcols1/libsmartcols1-2.33.1-1.tar.xz
2019/06/20 16:04:27 Extracting from file://C:\Users\Ross\Desktop\User Setup Folder/http%3a%2f%2fcygwin.mirrors.hoobly.com%2f/x86_64/release/popt/libpopt0/libpopt0-1.16-2.tar.xz
2019/06/20 16:04:27 Extracting from file://C:\Users\Ross\Desktop\User Setup Folder/http%3a%2f%2fcygwin.mirrors.hoobly.com%2f/x86_64/release/p11-kit/libp11-kit0/libp11-kit0-0.23.15-1.tar.xz
2019/06/20 16:04:27 Extracting from file://C:\Users\Ross\Desktop\User Setup Folder/http%3a%2f%2fcygwin.mirrors.hoobly.com%2f/x86_64/release/libiconv/libiconv-1.14-3.tar.xz
2019/06/20 16:04:27 Extracting from file://C:\Users\Ross\Desktop\User Setup Folder/http%3a%2f%2fcygwin.mirrors.hoobly.com%2f/x86_64/release/gdbm/libgdbm4/libgdbm4-1.12-1.tar.xz
2019/06/20 16:04:27 Extracting from file://C:\Users\Ross\Desktop\User Setup Folder/http%3a%2f%2fcygwin.mirrors.hoobly.com%2f/x86_64/release/attr/libattr1/libattr1-2.4.48-2.tar.xz
2019/06/20 16:04:27 Extracting from file://C:\Users\Ross\Desktop\User Setup Folder/http%3a%2f%2fcygwin.mirrors.hoobly.com%2f/x86_64/release/texinfo/info/info-6.6-1.tar.xz
2019/06/20 16:04:27 Extracting from file://C:\Users\Ross\Desktop\User Setup Folder/http%3a%2f%2fcygwin.mirrors.hoobly.com%2f/x86_64/release/diffutils/diffutils-3.5-2.tar.xz
2019/06/20 16:04:28 Extracting from file://C:\Users\Ross\Desktop\User Setup Folder/http%3a%2f%2fcygwin.mirrors.hoobly.com%2f/x86_64/release/alternatives/alternatives-1.3.30c-10.tar.bz2
2019/06/20 16:04:28 Extracting from file://C:\Users\Ross\Desktop\User Setup Folder/http%3a%2f%2fcygwin.mirrors.hoobly.com%2f/x86_64/release/gawk/gawk-5.0.1-1.tar.xz
2019/06/20 16:04:29 Extracting from file://C:\Users\Ross\Desktop\User Setup Folder/http%3a%2f%2fcygwin.mirrors.hoobly.com%2f/x86_64/release/util-linux/libblkid1/libblkid1-2.33.1-1.tar.xz
2019/06/20 16:04:29 Extracting from file://C:\Users\Ross\Desktop\User Setup Folder/http%3a%2f%2fcygwin.mirrors.hoobly.com%2f/x86_64/release/cygutils/cygutils-1.4.16-2.tar.xz
2019/06/20 16:04:29 Extracting from file://C:\Users\Ross\Desktop\User Setup Folder/http%3a%2f%2fcygwin.mirrors.hoobly.com%2f/x86_64/release/p11-kit/p11-kit-trust/p11-kit-trust-0.23.15-1.tar.xz
2019/06/20 16:04:29 Extracting from file://C:\Users\Ross\Desktop\User Setup Folder/http%3a%2f%2fcygwin.mirrors.hoobly.com%2f/x86_64/release/p11-kit/p11-kit-0.23.15-1.tar.xz
2019/06/20 16:04:29 Extracting from file://C:\Users\Ross\Desktop\User Setup Folder/http%3a%2f%2fcygwin.mirrors.hoobly.com%2f/x86_64/release/coreutils/coreutils-8.26-2.tar.xz
2019/06/20 16:04:32 Extracting from file://C:\Users\Ross\Desktop\User Setup Folder/http%3a%2f%2fcygwin.mirrors.hoobly.com%2f/x86_64/release/util-linux/libfdisk1/libfdisk1-2.33.1-1.tar.xz
2019/06/20 16:04:32 Extracting from file://C:\Users\Ross\Desktop\User Setup Folder/http%3a%2f%2fcygwin.mirrors.hoobly.com%2f/x86_64/release/bash/bash-4.4.12-3.tar.xz
2019/06/20 16:04:33 Extracting from file://C:\Users\Ross\Desktop\User Setup Folder/http%3a%2f%2fcygwin.mirrors.hoobly.com%2f/x86_64/release/util-linux/util-linux-2.33.1-1.tar.xz
2019/06/20 16:04:34 Extracting from file://C:\Users\Ross\Desktop\User Setup Folder/http%3a%2f%2fcygwin.mirrors.hoobly.com%2f/x86_64/release/tzcode/tzcode-2018i-1.tar.xz
2019/06/20 16:04:34 Extracting from file://C:\Users\Ross\Desktop\User Setup Folder/http%3a%2f%2fcygwin.mirrors.hoobly.com%2f/x86_64/release/xz/xz-5.2.3-1.tar.xz
2019/06/20 16:04:35 Extracting from file://C:\Users\Ross\Desktop\User Setup Folder/http%3a%2f%2fcygwin.mirrors.hoobly.com%2f/x86_64/release/gzip/gzip-1.8-1.tar.xz
2019/06/20 16:04:35 Extracting from file://C:\Users\Ross\Desktop\User Setup Folder/http%3a%2f%2fcygwin.mirrors.hoobly.com%2f/x86_64/release/groff/groff-1.22.4-1.tar.xz
2019/06/20 16:04:40 Extracting from file://C:\Users\Ross\Desktop\User Setup Folder/http%3a%2f%2fcygwin.mirrors.hoobly.com%2f/x86_64/release/grep/grep-3.0-2.tar.xz
2019/06/20 16:04:40 Extracting from file://C:\Users\Ross\Desktop\User Setup Folder/http%3a%2f%2fcygwin.mirrors.hoobly.com%2f/x86_64/release/findutils/findutils-4.6.0-1.tar.xz
2019/06/20 16:04:41 Extracting from file://C:\Users\Ross\Desktop\User Setup Folder/http%3a%2f%2fcygwin.mirrors.hoobly.com%2f/noarch/release/crypto-policies/crypto-policies-20190218-1.tar.xz
2019/06/20 16:04:41 Extracting from file://C:\Users\Ross\Desktop\User Setup Folder/http%3a%2f%2fcygwin.mirrors.hoobly.com%2f/noarch/release/ca-certificates/ca-certificates-2.30-1.tar.xz
2019/06/20 16:04:41 Extracting from file://C:\Users\Ross\Desktop\User Setup Folder/http%3a%2f%2fcygwin.mirrors.hoobly.com%2f/x86_64/release/bzip2/bzip2-1.0.6-3.tar.xz
2019/06/20 16:04:41 Extracting from file://C:\Users\Ross\Desktop\User Setup Folder/http%3a%2f%2fcygwin.mirrors.hoobly.com%2f/x86_64/release/man-db/man-db-2.7.6.1-1.tar.xz
2019/06/20 16:04:43 Extracting from file://C:\Users\Ross\Desktop\User Setup Folder/http%3a%2f%2fcygwin.mirrors.hoobly.com%2f/x86_64/release/rebase/rebase-4.4.4-1.tar.xz
2019/06/20 16:04:43 Extracting from file://C:\Users\Ross\Desktop\User Setup Folder/http%3a%2f%2fcygwin.mirrors.hoobly.com%2f/noarch/release/base-files/base-files-4.3-2.tar.xz
2019/06/20 16:04:43 Extracting from file://C:\Users\Ross\Desktop\User Setup Folder/http%3a%2f%2fcygwin.mirrors.hoobly.com%2f/x86_64/release/openssl/libssl1.1/libssl1.1-1.1.1b-1.tar.xz
2019/06/20 16:04:43 Extracting from file://C:\Users\Ross\Desktop\User Setup Folder/http%3a%2f%2fcygwin.mirrors.hoobly.com%2f/x86_64/release/tar/tar-1.29-1.tar.xz
2019/06/20 16:04:44 Extracting from file://C:\Users\Ross\Desktop\User Setup Folder/http%3a%2f%2fcygwin.mirrors.hoobly.com%2f/x86_64/release/openssl/openssl-1.1.1b-1.tar.xz
2019/06/20 16:04:44 Changing gid back to original
2019/06/20 16:04:44 running: C:\cygwin64\bin\dash.exe "/etc/postinstall/0p_000_autorebase.dash"
2019/06/20 16:04:52 running: C:\cygwin64\bin\dash.exe "/etc/postinstall/0p_update-info-dir.dash"
2019/06/20 16:04:53 running: C:\cygwin64\bin\bash.exe --norc --noprofile "/etc/postinstall/000-cygwin-post-install.sh"
2019/06/20 16:04:53 running: C:\cygwin64\bin\bash.exe --norc --noprofile "/etc/postinstall/coreutils.sh"
2019/06/20 16:04:53 running: C:\cygwin64\bin\bash.exe --norc --noprofile "/etc/postinstall/bash.sh"
2019/06/20 16:04:53 running: C:\cygwin64\bin\bash.exe --norc --noprofile "/etc/postinstall/base-files-mketc.sh"
2019/06/20 16:04:54 running: C:\cygwin64\bin\bash.exe --norc --noprofile "/etc/postinstall/base-files-profile.sh"
2019/06/20 16:04:54 running: C:\cygwin64\bin\bash.exe --norc --noprofile "/etc/postinstall/p11-kit.sh"
2019/06/20 16:04:55 running: C:\cygwin64\bin\bash.exe --norc --noprofile "/etc/postinstall/ca-certificates.sh"
2019/06/20 16:04:56 running: C:\cygwin64\bin\bash.exe --norc --noprofile "/etc/postinstall/crypto-policies.sh"
2019/06/20 16:04:58 running: C:\cygwin64\bin\bash.exe --norc --noprofile "/etc/postinstall/openssl.sh"
2019/06/20 16:04:58 running: C:\cygwin64\bin\bash.exe --norc --noprofile "/etc/postinstall/man-db.sh"
2019/06/20 16:04:58 running: C:\cygwin64\bin\bash.exe --norc --noprofile "/etc/postinstall/mintty.sh"
2019/06/20 16:04:58 running: C:\cygwin64\bin\bash.exe --norc --noprofile "/etc/postinstall/zp_man-db.sh"
2019/06/20 16:04:58 Changing gid to Administrators
2019/06/20 16:21:56 note: Installation Complete
2019/06/20 16:21:56 Ending cygwin install
2019/06/20 16:25:53 Starting cygwin install, version 2.897
2019/06/20 16:25:53 User has backup/restore rights
2019/06/20 16:25:53 Current Directory: C:\Users\Ross\Desktop\User Setup Folder
2019/06/20 16:25:53 Could not open service McShield for query, start and stop. McAfee may not be installed, or we don't have access.
2019/06/20 16:25:57 source: from local dir
2019/06/20 16:25:59 root: C:\cygwin64 system
2019/06/20 16:26:00 Selected local directory: C:\Users\Ross\Desktop\User Setup Folder
2019/06/20 16:26:03 solving: 0 tasks, update: yes, use test packages: no
2019/06/20 16:26:48 solving: 2 tasks, update: no, use test packages: no
2019/06/20 16:26:48 Augmented Transaction List:
2019/06/20 16:26:48    0   erase                                         autossh              1.4g-1
2019/06/20 16:26:48    1 install                                            csih            0.9.11-1
2019/06/20 16:26:48    2 install                                       cygrunsrv              1.62-1
2019/06/20 16:26:48    3 install                                       libcrypt2             4.4.4-1
2019/06/20 16:26:48    4 install                                        libedit0          20130712-1
2019/06/20 16:26:48    5 install                                     libcom_err2            1.44.5-1
2019/06/20 16:26:48    6 install                                 libkrb5support0            1.15.2-2
2019/06/20 16:26:48    7 install                                    libk5crypto3            1.15.2-2
2019/06/20 16:26:48    8 install                                       libkrb5_3            1.15.2-2
2019/06/20 16:26:48    9 install                                libgssapi_krb5_2            1.15.2-2
2019/06/20 16:26:48   10 install                                         openssh             8.0p1-2
2019/06/20 16:26:52 Uninstalling autossh
2019/06/20 16:26:52 Extracting from file://C:\Users\Ross\Desktop\User Setup Folder/cyg/x86_64/release/csih/csih-0.9.11-1.tar.xz
2019/06/20 16:26:52 Extracting from file://C:\Users\Ross\Desktop\User Setup Folder/cyg/x86_64/release/cygrunsrv/cygrunsrv-1.62-1.tar.xz
2019/06/20 16:26:52 Extracting from file://C:\Users\Ross\Desktop\User Setup Folder/cyg/x86_64/release/libxcrypt/libcrypt2/libcrypt2-4.4.4-1.tar.xz
2019/06/20 16:26:52 Extracting from file://C:\Users\Ross\Desktop\User Setup Folder/cyg/x86_64/release/libedit/libedit0/libedit0-20130712-1.tar.xz
2019/06/20 16:26:52 Extracting from file://C:\Users\Ross\Desktop\User Setup Folder/cyg/x86_64/release/e2fsprogs/libcom_err2/libcom_err2-1.44.5-1.tar.xz
2019/06/20 16:26:52 Extracting from file://C:\Users\Ross\Desktop\User Setup Folder/cyg/x86_64/release/krb5/libkrb5support0/libkrb5support0-1.15.2-2.tar.xz
2019/06/20 16:26:52 Extracting from file://C:\Users\Ross\Desktop\User Setup Folder/cyg/x86_64/release/krb5/libk5crypto3/libk5crypto3-1.15.2-2.tar.xz
2019/06/20 16:26:52 Extracting from file://C:\Users\Ross\Desktop\User Setup Folder/cyg/x86_64/release/krb5/libkrb5_3/libkrb5_3-1.15.2-2.tar.xz
2019/06/20 16:26:52 Extracting from file://C:\Users\Ross\Desktop\User Setup Folder/cyg/x86_64/release/krb5/libgssapi_krb5_2/libgssapi_krb5_2-1.15.2-2.tar.xz
2019/06/20 16:26:52 Extracting from file://C:\Users\Ross\Desktop\User Setup Folder/cyg/x86_64/release/openssh/openssh-8.0p1-2.tar.xz
2019/06/20 16:26:52 Changing gid back to original
2019/06/20 16:26:52 running: C:\cygwin64\bin\dash.exe "/etc/postinstall/0p_000_autorebase.dash"
2019/06/20 16:26:58 running: C:\cygwin64\bin\dash.exe "/etc/postinstall/0p_update-info-dir.dash"
2019/06/20 16:26:59 running: C:\cygwin64\bin\bash.exe --norc --noprofile "/etc/postinstall/openssh.sh"
2019/06/20 16:26:59 running: C:\cygwin64\bin\bash.exe --norc --noprofile "/etc/postinstall/zp_man-db.sh"
2019/06/20 16:26:59 Changing gid to Administrators
2019/06/20 16:27:01 note: Installation Complete
2019/06/20 16:27:01 Ending cygwin install
